execve("./hello", ["./hello"], 0x7ffe38853468 /* 58 vars */) = 0 <0.000565>
brk(NULL)                               = 0x564aa7e4d000 <0.000523>
access("/etc/ld.so.nohwcap", F_OK)      = -1 ENOENT (No such file or directory) <0.000023>
access("/etc/ld.so.preload", R_OK)      = -1 ENOENT (No such file or directory) <0.000012>
openat(AT_FDCWD, "/etc/ld.so.cache", O_RDONLY|O_CLOEXEC) = 3 <0.000013>
fstat(3, {st_mode=S_IFREG|0644, st_size=120907, ...}) = 0 <0.000008>
mmap(NULL, 120907, PROT_READ, MAP_PRIVATE, 3, 0) = 0x7f39a336c000 <0.000011>
close(3)                                = 0 <0.000007>
access("/etc/ld.so.nohwcap", F_OK)      = -1 ENOENT (No such file or directory) <0.000010>
openat(AT_FDCWD, "/lib/x86_64-linux-gnu/libc.so.6", O_RDONLY|O_CLOEXEC) = 3 <0.000013>
read(3, "\177ELF\2\1\1\3\0\0\0\0\0\0\0\0\3\0>\0\1\0\0\0\260\34\2\0\0\0\0\0"..., 832) = 832 <0.000010>
fstat(3, {st_mode=S_IFREG|0755, st_size=2030544, ...}) = 0 <0.000008>
mmap(NULL, 8192, PROT_READ|PROT_WRITE, MAP_PRIVATE|MAP_ANONYMOUS, -1, 0) = 0x7f39a336a000 <0.000010>
mmap(NULL, 4131552, PROT_READ|PROT_EXEC, MAP_PRIVATE|MAP_DENYWRITE, 3, 0) = 0x7f39a2d72000 <0.000011>
mprotect(0x7f39a2f59000, 2097152, PROT_NONE) = 0 <0.000017>
mmap(0x7f39a3159000, 24576, PROT_READ|PROT_WRITE, MAP_PRIVATE|MAP_FIXED|MAP_DENYWRITE, 3, 0x1e7000) = 0x7f39a3159000 <0.000015>
mmap(0x7f39a315f000, 15072, PROT_READ|PROT_WRITE, MAP_PRIVATE|MAP_FIXED|MAP_ANONYMOUS, -1, 0) = 0x7f39a315f000 <0.000012>
close(3)                                = 0 <0.000008>
arch_prctl(ARCH_SET_FS, 0x7f39a336b4c0) = 0 <0.000010>
mprotect(0x7f39a3159000, 16384, PROT_READ) = 0 <0.000017>
mprotect(0x564aa7a15000, 4096, PROT_READ) = 0 <0.000011>
mprotect(0x7f39a338a000, 4096, PROT_READ) = 0 <0.000011>
munmap(0x7f39a336c000, 120907)          = 0 <0.000028>
fstat(1, {st_mode=S_IFCHR|0620, st_rdev=makedev(136, 0), ...}) = 0 <0.000012>
brk(NULL)                               = 0x564aa7e4d000 <0.000011>
brk(0x564aa7e6e000)                     = 0x564aa7e6e000 <0.000018>
write(1, "hello world\n", 12)           = 12 <0.000020>
exit_group(0)                           = ?
+++ exited with 0 +++
