$ ./bin/demand-paging 
Sun Oct 22 21:45:26 2023:before allocation.  please press Enter key

Sun Oct 22 21:45:27 2023: allocated 100MB.  please press Enter key

Sun Oct 22 21:45:29 2023: touched 10MB.
Sun Oct 22 21:45:30 2023: touched 20MB.
Sun Oct 22 21:45:31 2023: touched 30MB.
Sun Oct 22 21:45:32 2023: touched 40MB.
Sun Oct 22 21:45:33 2023: touched 50MB.
Sun Oct 22 21:45:34 2023: touched 60MB.
Sun Oct 22 21:45:35 2023: touched 70MB.
Sun Oct 22 21:45:36 2023: touched 80MB.
Sun Oct 22 21:45:37 2023: touched 90MB.
Sun Oct 22 21:45:38 2023: touched 100MB.  please press Enter key

-----

$ sar -r 1
Linux 5.4.0-165-generic (***) 	2023年10月22日 	_x86_64_	(4 CPU)

21時45分23秒 kbmemfree   kbavail kbmemused  %memused kbbuffers  kbcached  kbcommit   %commit  kbactive   kbinact   kbdirty
21時45分24秒   1311540   4369836   2999640     37.33    433196   2828176   8107548     80.01   4900296   1132528       368
21時45分25秒   1304992   4363288   2997424     37.30    433196   2837188   8107548     80.01   4898980   1132544       372
21時45分26秒   1307764   4366060   2994556     37.26    433196   2837284   8099604     79.93   4896228   1132552       396
21時45分27秒   1306252   4364548   2994692     37.26    433196   2838660   8099604     79.93   4896216   1132552       396
21時45分28秒   1315600   4373896   2994664     37.26    433196   2829340   8202340     80.94   4896216   1132552       416
21時45分29秒   1306276   4364572   3003908     37.38    433196   2829420   8202340     80.94   4906452   1132552       424
21時45分30秒   1295912   4354208   3014272     37.51    433196   2829420   8202340     80.94   4916652   1132552       424
21時45分31秒   1285336   4343632   3024848     37.64    433204   2829412   8202340     80.94   4926892   1132552       424
21時45分32秒   1275028   4333324   3035148     37.77    433204   2829420   8202340     80.94   4937132   1132552       424
21時45分33秒   1264192   4322496   3045472     37.90    433204   2829932   8202340     80.94   4947424   1132552       424
21時45分34秒   1254080   4312384   3055584     38.02    433204   2829932   8202340     80.94   4957544   1132552       432
21時45分35秒   1244264   4302568   3065744     38.15    433212   2829580   8202340     80.94   4967788   1132552       432
21時45分36秒   1233952   4292264   3076216     38.28    433212   2829420   8202340     80.94   4977988   1132552       480
21時45分37秒   1221312   4279624   3087576     38.42    433212   2830700   8210180     81.02   4989268   1132552       480
21時45分38秒   1211516   4269828   3097476     38.54    433212   2830596   8210180     81.02   4999496   1132552       480
21時45分39秒   1211548   4269860   3097444     38.54    433212   2830596   8210180     81.02   4999540   1132552       480
21時45分40秒   1314096   4372408   2994888     37.27    433220   2830596   8111816     80.05   4896004   1132552       500
21時45分41秒   1307764   4366084   2993528     37.25    433220   2838288   8111816     80.05   4896052   1132552       500
^C

平均値:    1276190   4334493   3031838     37.73    433205   2831553   8171641     80.64   4933676   1132550       436

-----

$ ./bin/demand-paging 
Sun Oct 22 21:50:13 2023:before allocation.  please press Enter key

Sun Oct 22 21:50:14 2023: allocated 100MB.  please press Enter key

Sun Oct 22 21:50:16 2023: touched 10MB.
Sun Oct 22 21:50:17 2023: touched 20MB.
Sun Oct 22 21:50:18 2023: touched 30MB.
Sun Oct 22 21:50:19 2023: touched 40MB.
Sun Oct 22 21:50:20 2023: touched 50MB.
Sun Oct 22 21:50:21 2023: touched 60MB.
Sun Oct 22 21:50:22 2023: touched 70MB.
Sun Oct 22 21:50:23 2023: touched 80MB.
Sun Oct 22 21:50:24 2023: touched 90MB.
Sun Oct 22 21:50:25 2023: touched 100MB.  please press Enter key

-----

$ sar -B 1
Linux 5.4.0-165-generic (***) 	2023年10月22日 	_x86_64_	(4 CPU)

21時50分09秒  pgpgin/s pgpgout/s   fault/s  majflt/s  pgfree/s pgscank/s pgscand/s pgsteal/s    %vmeff
21時50分10秒      0.00      0.00     16.00      0.00    617.00      0.00      0.00      0.00      0.00
21時50分11秒      0.00     48.00   2039.00      0.00   3290.00      0.00      0.00      0.00      0.00
21時50分12秒      0.00      0.00     14.00      0.00     38.00      0.00      0.00      0.00      0.00
21時50分13秒      0.00      0.00    139.00      0.00   2534.00      0.00      0.00      0.00      0.00
21時50分14秒      0.00      0.00      8.00      0.00     12.00      0.00      0.00      0.00      0.00
21時50分15秒      0.00    728.00     64.00      0.00    481.00      0.00      0.00      0.00      0.00
21時50分16秒      0.00      0.00      6.00      0.00     19.00      0.00      0.00      0.00      0.00
21時50分17秒      0.00     16.00   2658.00      0.00    436.00      0.00      0.00      0.00      0.00
21時50分18秒      0.00      0.00   2601.00      0.00     45.00      0.00      0.00      0.00      0.00
21時50分19秒      0.00      0.00   2598.00      0.00     14.00      0.00      0.00      0.00      0.00
21時50分20秒      0.00      0.00   2573.00      0.00     22.00      0.00      0.00      0.00      0.00
21時50分21秒      0.00      0.00   2622.00      0.00    186.00      0.00      0.00      0.00      0.00
21時50分22秒      0.00      0.00   2576.00      0.00     20.00      0.00      0.00      0.00      0.00
21時50分23秒      0.00    164.00   2603.00      0.00     59.00      0.00      0.00      0.00      0.00
21時50分24秒      0.00      0.00   2979.00      0.00     67.00      0.00      0.00      0.00      0.00
21時50分25秒      0.00      0.00   2575.00      0.00     24.00      0.00      0.00      0.00      0.00
21時50分26秒      0.00      0.00   5743.00      0.00    487.00      0.00      0.00      0.00      0.00
21時50分27秒      0.00      0.00    488.00      0.00    746.00      0.00      0.00      0.00      0.00
21時50分28秒      0.00     48.00    146.00      0.00  26157.00      0.00      0.00      0.00      0.00
21時50分29秒      0.00     16.00      8.00      0.00     16.00      0.00      0.00      0.00      0.00
21時50分30秒      0.00      0.00   1563.00      0.00   3007.00      0.00      0.00      0.00      0.00
^C
平均値:       0.00     48.57   1619.95      0.00   1822.71      0.00      0.00      0.00      0.00

-----

$ ./vsz-rss.sh 
2023年 10月 22日 日曜日 22:04:59 JST:   32301 demand-paging     2488   640      0     80
2023年 10月 22日 日曜日 22:05:00 JST:   32301 demand-paging     2488   640      0     80
2023年 10月 22日 日曜日 22:05:01 JST:   32301 demand-paging     2488   640      0     80
2023年 10月 22日 日曜日 22:05:02 JST:   32301 demand-paging   104892   640      0     81
2023年 10月 22日 日曜日 22:05:03 JST:   32301 demand-paging   104892   640      0     81
2023年 10月 22日 日曜日 22:05:04 JST:   32301 demand-paging   104892 11716      0   2642
2023年 10月 22日 日曜日 22:05:05 JST:   32301 demand-paging   104892 21808      0   5202
2023年 10月 22日 日曜日 22:05:06 JST:   32301 demand-paging   104892 32104      0   7762
2023年 10月 22日 日曜日 22:05:07 JST:   32301 demand-paging   104892 42400      0  10322
2023年 10月 22日 日曜日 22:05:08 JST:   32301 demand-paging   104892 52696      0  12882
2023年 10月 22日 日曜日 22:05:09 JST:   32301 demand-paging   104892 62992      0  15442
2023年 10月 22日 日曜日 22:05:10 JST:   32301 demand-paging   104892 73024      0  18002
2023年 10月 22日 日曜日 22:05:12 JST:   32301 demand-paging   104892 83320      0  20562
2023年 10月 22日 日曜日 22:05:13 JST:   32301 demand-paging   104892 93616      0  23122
2023年 10月 22日 日曜日 22:05:14 JST:   32301 demand-paging   104892 103912     0  25681
2023年 10月 22日 日曜日 22:05:15 JST: target process seems to be finished
