$ ./bin/filemap 
*** memory map before mapping file ***
55d15cf05000-55d15cf06000 r--p 00000000 08:02 2107453                    /***/github/study-linux-in-practice/05-memory-management/bin/filemap
55d15cf06000-55d15cf07000 r-xp 00001000 08:02 2107453                    /***/github/study-linux-in-practice/05-memory-management/bin/filemap
55d15cf07000-55d15cf08000 r--p 00002000 08:02 2107453                    /***/github/study-linux-in-practice/05-memory-management/bin/filemap
55d15cf08000-55d15cf09000 r--p 00002000 08:02 2107453                    /***/github/study-linux-in-practice/05-memory-management/bin/filemap
55d15cf09000-55d15cf0a000 rw-p 00003000 08:02 2107453                    /***/github/study-linux-in-practice/05-memory-management/bin/filemap
55d15d4a1000-55d15d4c2000 rw-p 00000000 00:00 0                          [heap]
7fc082012000-7fc082034000 r--p 00000000 08:02 4458028                    /lib/x86_64-linux-gnu/libc-2.31.so
7fc082034000-7fc0821ac000 r-xp 00022000 08:02 4458028                    /lib/x86_64-linux-gnu/libc-2.31.so
7fc0821ac000-7fc0821fa000 r--p 0019a000 08:02 4458028                    /lib/x86_64-linux-gnu/libc-2.31.so
7fc0821fa000-7fc0821fe000 r--p 001e7000 08:02 4458028                    /lib/x86_64-linux-gnu/libc-2.31.so
7fc0821fe000-7fc082200000 rw-p 001eb000 08:02 4458028                    /lib/x86_64-linux-gnu/libc-2.31.so
7fc082200000-7fc082206000 rw-p 00000000 00:00 0 
7fc08222f000-7fc082230000 r--p 00000000 08:02 4457517                    /lib/x86_64-linux-gnu/ld-2.31.so
7fc082230000-7fc082253000 r-xp 00001000 08:02 4457517                    /lib/x86_64-linux-gnu/ld-2.31.so
7fc082253000-7fc08225b000 r--p 00024000 08:02 4457517                    /lib/x86_64-linux-gnu/ld-2.31.so
7fc08225c000-7fc08225d000 r--p 0002c000 08:02 4457517                    /lib/x86_64-linux-gnu/ld-2.31.so
7fc08225d000-7fc08225e000 rw-p 0002d000 08:02 4457517                    /lib/x86_64-linux-gnu/ld-2.31.so
7fc08225e000-7fc08225f000 rw-p 00000000 00:00 0 
7ffd23d03000-7ffd23d24000 rw-p 00000000 00:00 0                          [stack]
7ffd23d92000-7ffd23d95000 r--p 00000000 00:00 0                          [vvar]
7ffd23d95000-7ffd23d96000 r-xp 00000000 00:00 0                          [vdso]
ffffffffff600000-ffffffffff601000 --xp 00000000 00:00 0                  [vsyscall]

*** succeded to map file: address = 0x7fc07bc12000 ; size = 6400000 ***

*** memory map after mapping file ***
55d15cf05000-55d15cf06000 r--p 00000000 08:02 2107453                    /***/github/study-linux-in-practice/05-memory-management/bin/filemap
55d15cf06000-55d15cf07000 r-xp 00001000 08:02 2107453                    /***/github/study-linux-in-practice/05-memory-management/bin/filemap
55d15cf07000-55d15cf08000 r--p 00002000 08:02 2107453                    /***/github/study-linux-in-practice/05-memory-management/bin/filemap
55d15cf08000-55d15cf09000 r--p 00002000 08:02 2107453                    /***/github/study-linux-in-practice/05-memory-management/bin/filemap
55d15cf09000-55d15cf0a000 rw-p 00003000 08:02 2107453                    /***/github/study-linux-in-practice/05-memory-management/bin/filemap
55d15d4a1000-55d15d4c2000 rw-p 00000000 00:00 0                          [heap]
7fc07bc12000-7fc082012000 rw-s 00000000 08:02 2105380                    /***/github/study-linux-in-practice/05-memory-management/log/testfile
7fc082012000-7fc082034000 r--p 00000000 08:02 4458028                    /lib/x86_64-linux-gnu/libc-2.31.so
7fc082034000-7fc0821ac000 r-xp 00022000 08:02 4458028                    /lib/x86_64-linux-gnu/libc-2.31.so
7fc0821ac000-7fc0821fa000 r--p 0019a000 08:02 4458028                    /lib/x86_64-linux-gnu/libc-2.31.so
7fc0821fa000-7fc0821fe000 r--p 001e7000 08:02 4458028                    /lib/x86_64-linux-gnu/libc-2.31.so
7fc0821fe000-7fc082200000 rw-p 001eb000 08:02 4458028                    /lib/x86_64-linux-gnu/libc-2.31.so
7fc082200000-7fc082206000 rw-p 00000000 00:00 0 
7fc08222f000-7fc082230000 r--p 00000000 08:02 4457517                    /lib/x86_64-linux-gnu/ld-2.31.so
7fc082230000-7fc082253000 r-xp 00001000 08:02 4457517                    /lib/x86_64-linux-gnu/ld-2.31.so
7fc082253000-7fc08225b000 r--p 00024000 08:02 4457517                    /lib/x86_64-linux-gnu/ld-2.31.so
7fc08225c000-7fc08225d000 r--p 0002c000 08:02 4457517                    /lib/x86_64-linux-gnu/ld-2.31.so
7fc08225d000-7fc08225e000 rw-p 0002d000 08:02 4457517                    /lib/x86_64-linux-gnu/ld-2.31.so
7fc08225e000-7fc08225f000 rw-p 00000000 00:00 0 
7ffd23d03000-7ffd23d24000 rw-p 00000000 00:00 0                          [stack]
7ffd23d92000-7ffd23d95000 r--p 00000000 00:00 0                          [vvar]
7ffd23d95000-7ffd23d96000 r-xp 00000000 00:00 0                          [vdso]
ffffffffff600000-ffffffffff601000 --xp 00000000 00:00 0                  [vsyscall]

*** file contents before overwrite mapped region: hello

*** overwritten mappd region with: HELLO
