$ ./bin/mmap 
*** memory map before memory allocation ***
563cea46d000-563cea46e000 r--p 00000000 08:02 2107454                    /***/github/study-linux-in-practice/05-memory-management/bin/mmap
563cea46e000-563cea46f000 r-xp 00001000 08:02 2107454                    /***/github/study-linux-in-practice/05-memory-management/bin/mmap
563cea46f000-563cea470000 r--p 00002000 08:02 2107454                    /***/github/study-linux-in-practice/05-memory-management/bin/mmap
563cea470000-563cea471000 r--p 00002000 08:02 2107454                    /***/github/study-linux-in-practice/05-memory-management/bin/mmap
563cea471000-563cea472000 rw-p 00003000 08:02 2107454                    /***/github/study-linux-in-practice/05-memory-management/bin/mmap
563cebf53000-563cebf74000 rw-p 00000000 00:00 0                          [heap]
7fda056db000-7fda056fd000 r--p 00000000 08:02 4458028                    /lib/x86_64-linux-gnu/libc-2.31.so
7fda056fd000-7fda05875000 r-xp 00022000 08:02 4458028                    /lib/x86_64-linux-gnu/libc-2.31.so
7fda05875000-7fda058c3000 r--p 0019a000 08:02 4458028                    /lib/x86_64-linux-gnu/libc-2.31.so
7fda058c3000-7fda058c7000 r--p 001e7000 08:02 4458028                    /lib/x86_64-linux-gnu/libc-2.31.so
7fda058c7000-7fda058c9000 rw-p 001eb000 08:02 4458028                    /lib/x86_64-linux-gnu/libc-2.31.so
7fda058c9000-7fda058cf000 rw-p 00000000 00:00 0 
7fda058f8000-7fda058f9000 r--p 00000000 08:02 4457517                    /lib/x86_64-linux-gnu/ld-2.31.so
7fda058f9000-7fda0591c000 r-xp 00001000 08:02 4457517                    /lib/x86_64-linux-gnu/ld-2.31.so
7fda0591c000-7fda05924000 r--p 00024000 08:02 4457517                    /lib/x86_64-linux-gnu/ld-2.31.so
7fda05925000-7fda05926000 r--p 0002c000 08:02 4457517                    /lib/x86_64-linux-gnu/ld-2.31.so
7fda05926000-7fda05927000 rw-p 0002d000 08:02 4457517                    /lib/x86_64-linux-gnu/ld-2.31.so
7fda05927000-7fda05928000 rw-p 00000000 00:00 0 
7ffc220fa000-7ffc2211b000 rw-p 00000000 00:00 0                          [stack]
7ffc2211c000-7ffc2211f000 r--p 00000000 00:00 0                          [vvar]
7ffc2211f000-7ffc22120000 r-xp 00000000 00:00 0                          [vdso]
ffffffffff600000-ffffffffff601000 --xp 00000000 00:00 0                  [vsyscall]

*** succeeded to allocate memory: address = 0x7fd9ff2db000: size = 0x6400000 ***

*** memory map after memory allocation ***
563cea46d000-563cea46e000 r--p 00000000 08:02 2107454                    /***/github/study-linux-in-practice/05-memory-management/bin/mmap
563cea46e000-563cea46f000 r-xp 00001000 08:02 2107454                    /***/github/study-linux-in-practice/05-memory-management/bin/mmap
563cea46f000-563cea470000 r--p 00002000 08:02 2107454                    /***/github/study-linux-in-practice/05-memory-management/bin/mmap
563cea470000-563cea471000 r--p 00002000 08:02 2107454                    /***/github/study-linux-in-practice/05-memory-management/bin/mmap
563cea471000-563cea472000 rw-p 00003000 08:02 2107454                    /***/github/study-linux-in-practice/05-memory-management/bin/mmap
563cebf53000-563cebf74000 rw-p 00000000 00:00 0                          [heap]
7fd9ff2db000-7fda056db000 rw-p 00000000 00:00 0 
7fda056db000-7fda056fd000 r--p 00000000 08:02 4458028                    /lib/x86_64-linux-gnu/libc-2.31.so
7fda056fd000-7fda05875000 r-xp 00022000 08:02 4458028                    /lib/x86_64-linux-gnu/libc-2.31.so
7fda05875000-7fda058c3000 r--p 0019a000 08:02 4458028                    /lib/x86_64-linux-gnu/libc-2.31.so
7fda058c3000-7fda058c7000 r--p 001e7000 08:02 4458028                    /lib/x86_64-linux-gnu/libc-2.31.so
7fda058c7000-7fda058c9000 rw-p 001eb000 08:02 4458028                    /lib/x86_64-linux-gnu/libc-2.31.so
7fda058c9000-7fda058cf000 rw-p 00000000 00:00 0 
7fda058f8000-7fda058f9000 r--p 00000000 08:02 4457517                    /lib/x86_64-linux-gnu/ld-2.31.so
7fda058f9000-7fda0591c000 r-xp 00001000 08:02 4457517                    /lib/x86_64-linux-gnu/ld-2.31.so
7fda0591c000-7fda05924000 r--p 00024000 08:02 4457517                    /lib/x86_64-linux-gnu/ld-2.31.so
7fda05925000-7fda05926000 r--p 0002c000 08:02 4457517                    /lib/x86_64-linux-gnu/ld-2.31.so
7fda05926000-7fda05927000 rw-p 0002d000 08:02 4457517                    /lib/x86_64-linux-gnu/ld-2.31.so
7fda05927000-7fda05928000 rw-p 00000000 00:00 0 
7ffc220fa000-7ffc2211b000 rw-p 00000000 00:00 0                          [stack]
7ffc2211c000-7ffc2211f000 r--p 00000000 00:00 0                          [vvar]
7ffc2211f000-7ffc22120000 r-xp 00000000 00:00 0                          [vdso]
ffffffffff600000-ffffffffff601000 --xp 00000000 00:00 0                  [vsyscall]
