$ sar -P ALL 1
Linux 5.4.0-165-generic (***) 	2023年10月21日 	_x86_64_	(4 CPU)

23時37分53秒     CPU     %user     %nice   %system   %iowait    %steal     %idle
23時37分54秒     all      1.51      0.00      0.00      0.00      0.00     98.49
23時37分54秒       0      2.00      0.00      0.00      0.00      0.00     98.00
23時37分54秒       1      1.00      0.00      0.00      0.00      0.00     99.00
23時37分54秒       2      3.03      0.00      0.00      0.00      0.00     96.97
23時37分54秒       3      0.00      0.00      0.00      0.00      0.00    100.00

23時37分54秒     CPU     %user     %nice   %system   %iowait    %steal     %idle
23時37分55秒     all      0.25      0.00      0.76      0.00      0.00     98.99
23時37分55秒       0      0.00      0.00      1.01      0.00      0.00     98.99
23時37分55秒       1      1.00      0.00      1.00      0.00      0.00     98.00
23時37分55秒       2      0.00      0.00      1.01      0.00      0.00     98.99
23時37分55秒       3      0.00      0.00      0.00      0.00      0.00    100.00

23時37分55秒     CPU     %user     %nice   %system   %iowait    %steal     %idle
23時37分56秒     all      2.27      0.00      0.00      0.00      0.00     97.73
23時37分56秒       0      2.00      0.00      0.00      0.00      0.00     98.00
23時37分56秒       1      1.02      0.00      0.00      0.00      0.00     98.98
23時37分56秒       2      6.06      0.00      0.00      0.00      0.00     93.94
23時37分56秒       3      0.00      0.00      0.00      0.00      0.00    100.00
^C


平均値:      CPU     %user     %nice   %system   %iowait    %steal     %idle
平均値:      all      1.34      0.00      0.25      0.00      0.00     98.40
平均値:        0      1.34      0.00      0.33      0.00      0.00     98.33
平均値:        1      1.01      0.00      0.34      0.00      0.00     98.66
平均値:        2      3.03      0.00      0.34      0.00      0.00     96.63
平均値:        3      0.00      0.00      0.00      0.00      0.00    100.00
