$ taskset -c 0 python3 ./src/loop.py &
[1] 25462
$ sar -P ALL 1
Linux 5.4.0-165-generic (***) 	2023年10月22日 	_x86_64_	(4 CPU)

17時17分55秒     CPU     %user     %nice   %system   %iowait    %steal     %idle
17時17分56秒     all     25.06      0.00      0.00      0.00      0.00     74.94
17時17分56秒       0    100.00      0.00      0.00      0.00      0.00      0.00
17時17分56秒       1      0.00      0.00      0.00      0.00      0.00    100.00
17時17分56秒       2      0.00      0.00      0.00      0.00      0.00    100.00
17時17分56秒       3      0.00      0.00      0.00      0.00      0.00    100.00

17時17分56秒     CPU     %user     %nice   %system   %iowait    %steal     %idle
17時17分57秒     all     25.38      0.00      0.00      0.00      0.00     74.62
17時17分57秒       0    100.00      0.00      0.00      0.00      0.00      0.00
17時17分57秒       1      0.00      0.00      0.00      0.00      0.00    100.00
17時17分57秒       2      0.00      0.00      0.00      0.00      0.00    100.00
17時17分57秒       3      1.00      0.00      0.00      0.00      0.00     99.00
^C

平均値:      CPU     %user     %nice   %system   %iowait    %steal     %idle
平均値:      all     25.22      0.00      0.00      0.00      0.00     74.78
平均値:        0    100.00      0.00      0.00      0.00      0.00      0.00
平均値:        1      0.00      0.00      0.00      0.00      0.00    100.00
平均値:        2      0.00      0.00      0.00      0.00      0.00    100.00
平均値:        3      0.50      0.00      0.00      0.00      0.00     99.50

-----

$ sar -q 1 1
Linux 5.4.0-165-generic (***) 	2023年10月22日 	_x86_64_	(4 CPU)

17時35分07秒   runq-sz  plist-sz   ldavg-1   ldavg-5  ldavg-15   blocked
17時35分08秒         0       545      0.23      0.57      0.54         0
平均値:          0       545      0.23      0.57      0.54         0

$ taskset -c 0 python3 ./src/loop.py &
[1] 26442
$ sar -q 1 1
Linux 5.4.0-165-generic (***) 	2023年10月22日 	_x86_64_	(4 CPU)

17時35分30秒   runq-sz  plist-sz   ldavg-1   ldavg-5  ldavg-15   blocked
17時35分31秒         1       544      0.30      0.56      0.53         0
平均値:          1       544      0.30      0.56      0.53         0

$ taskset -c 0 python3 ./src/loop.py &
[2] 26447
$ sar -q 1 1
Linux 5.4.0-165-generic (***) 	2023年10月22日 	_x86_64_	(4 CPU)

17時36分01秒   runq-sz  plist-sz   ldavg-1   ldavg-5  ldavg-15   blocked
17時36分02秒         2       544      0.73      0.63      0.56         0
平均値:          2       544      0.73      0.63      0.56         0
