$ python3 ./src/loop.py &
$ sar -P ALL 1 1

21時41分23秒     CPU     %user     %nice   %system   %iowait    %steal     %idle
21時41分24秒     all     25.38      0.00      0.00      0.00      0.00     74.62
21時41分24秒       0      0.99      0.00      0.00      0.00      0.00     99.01
21時41分24秒       1      0.00      0.00      0.00      0.00      0.00    100.00
21時41分24秒       2      0.00      0.00      1.00      0.00      0.00     99.00
21時41分24秒       3    100.00      0.00      0.00      0.00      0.00      0.00

平均値:      CPU     %user     %nice   %system   %iowait    %steal     %idle
平均値:      all     25.38      0.00      0.00      0.00      0.00     74.62
平均値:        0      0.99      0.00      0.00      0.00      0.00     99.01
平均値:        1      0.00      0.00      0.00      0.00      0.00    100.00
平均値:        2      0.00      0.00      1.00      0.00      0.00     99.00
平均値:        3    100.00      0.00      0.00      0.00      0.00      0.00

--------------------

$ nice -n 5 python3 ./src/loop.py &
$ sar -P ALL 1 1
21時42分10秒     CPU     %user     %nice   %system   %iowait    %steal     %idle
21時42分11秒     all      0.75     24.94      0.00      0.00      0.00     74.31
21時42分11秒       0      0.99      0.00      0.00      0.00      0.00     99.01
21時42分11秒       1      0.00    100.00      0.00      0.00      0.00      0.00
21時42分11秒       2      1.00      0.00      0.00      0.00      0.00     99.00
21時42分11秒       3      0.98      0.00      0.98      0.00      0.00     98.04

平均値:      CPU     %user     %nice   %system   %iowait    %steal     %idle
平均値:      all      0.75     24.94      0.00      0.00      0.00     74.31
平均値:        0      0.99      0.00      0.00      0.00      0.00     99.01
平均値:        1      0.00    100.00      0.00      0.00      0.00      0.00
平均値:        2      1.00      0.00      0.00      0.00      0.00     99.00
平均値:        3      0.98      0.00      0.98      0.00      0.00     98.04

