$ ./read-twice.sh
2023年 10月 29日 日曜日 00:11:42 JST: start file creation
1024+0 レコード入力
1024+0 レコード出力
1073741824 bytes (1.1 GB, 1.0 GiB) copied, 46.5606 s, 23.1 MB/s
2023年 10月 29日 日曜日 00:12:28 JST: end file creation
2023年 10月 29日 日曜日 00:12:28 JST: sleep 3 seconds
2023年 10月 29日 日曜日 00:12:31 JST: start 1st read
2023年 10月 29日 日曜日 00:12:37 JST: end 1st read
2023年 10月 29日 日曜日 00:12:37 JST: sleep 3 seconds
2023年 10月 29日 日曜日 00:12:40 JST: start 2nd read
2023年 10月 29日 日曜日 00:12:40 JST: end 2nd read

$ sar -B 1
Linux 5.4.0-165-generic (***) 	2023年10月29日 	_x86_64_	(4 CPU)

00時11分39秒  pgpgin/s pgpgout/s   fault/s  majflt/s  pgfree/s pgscank/s pgscand/s pgsteal/s    %vmeff
00時11分40秒      0.00      0.00     29.00      0.00    122.00      0.00      0.00      0.00      0.00
00時11分41秒      0.00      0.00   1347.00      0.00    333.00      0.00      0.00      0.00      0.00
00時11分42秒      8.00  12412.00   1737.00      1.00    346.00      0.00      0.00      0.00      0.00
00時11分43秒     16.00  23552.00    338.00      0.00   2406.00      0.00      0.00      0.00      0.00
00時11分44秒      0.00  23552.00    122.00      0.00   2780.00      0.00      0.00      0.00      0.00
00時11分45秒      0.00  23552.00    118.00      0.00    687.00      0.00      0.00      0.00      0.00
00時11分46秒      0.00  22528.00    554.00      0.00   1027.00      0.00      0.00      0.00      0.00
00時11分47秒      0.00  22800.00    152.00      0.00    256.00      0.00      0.00      0.00      0.00
00時11分48秒      0.00  21952.00   1356.00      0.00   2718.00      0.00      0.00      0.00      0.00
00時11分49秒      0.00  22980.00    200.00      0.00   1189.00      0.00      0.00      0.00      0.00
00時11分50秒      0.00  23552.00    124.00      0.00   2873.00      0.00      0.00      0.00      0.00
00時11分51秒      0.00  23552.00   1310.00      0.00   1330.00      0.00      0.00      0.00      0.00
00時11分52秒      0.00  21548.00    305.00      0.00   1055.00      0.00      0.00      0.00      0.00
00時11分53秒      0.00  22528.00     91.00      0.00    899.00      0.00      0.00      0.00      0.00
00時11分54秒      0.00  23556.00    130.00      0.00   2836.00      0.00      0.00      0.00      0.00
00時11分55秒      0.00  22528.00     82.00      0.00    960.00      0.00      0.00      0.00      0.00
00時11分56秒      0.00  22528.00    134.00      0.00    953.00      0.00      0.00      0.00      0.00
00時11分57秒      0.00  22560.00    137.00      0.00    897.00      0.00      0.00      0.00      0.00
00時11分58秒      0.00  22528.00    569.00      0.00   1158.00      0.00      0.00      0.00      0.00
00時11分59秒      0.00  22304.95    144.55      0.00    900.00      0.00      0.00      0.00      0.00
00時12分00秒      0.00  22528.00    660.00      0.00   1360.00      0.00      0.00      0.00      0.00
00時12分01秒      0.00  23552.00    114.00      0.00    946.00      0.00      0.00      0.00      0.00
00時12分02秒      4.00  21536.00    590.00      0.00   1827.00      0.00      0.00      0.00      0.00
00時12分03秒      0.00  22528.00     65.00      0.00    933.00      0.00      0.00      0.00      0.00
00時12分04秒      0.00  22528.00     92.00      0.00    917.00      0.00      0.00      0.00      0.00
00時12分05秒      0.00  22540.00    270.00      0.00   1076.00      0.00      0.00      0.00      0.00
00時12分06秒      0.00  23552.00    170.00      0.00    944.00      0.00      0.00      0.00      0.00
00時12分07秒      4.00  21552.00    128.00      0.00    907.00      0.00      0.00      0.00      0.00

00時12分07秒  pgpgin/s pgpgout/s   fault/s  majflt/s  pgfree/s pgscank/s pgscand/s pgsteal/s    %vmeff
00時12分08秒      0.00  22528.00    150.00      0.00    786.00      0.00      0.00      0.00      0.00
00時12分09秒      0.00  22528.00    109.00      0.00     22.00      0.00      0.00      0.00      0.00
00時12分10秒      4.00  22528.00    109.00      0.00     69.00      0.00      0.00      0.00      0.00
00時12分11秒      0.00  22528.00    114.00      0.00     45.00      0.00      0.00      0.00      0.00
00時12分12秒      0.00  22560.00    103.00      0.00     30.00      0.00      0.00      0.00      0.00
00時12分13秒      8.00  22528.00    160.00      0.00    295.00      0.00      0.00      0.00      0.00
00時12分14秒      0.00  22528.00    531.00      0.00    116.00      0.00      0.00      0.00      0.00
00時12分15秒      0.00  22644.00     96.00      0.00     37.00      0.00      0.00      0.00      0.00
00時12分16秒      4.00  22528.00    172.00      0.00     49.00      0.00      0.00      0.00      0.00
00時12分17秒      4.00  22576.00    128.00      0.00    196.00      0.00      0.00      0.00      0.00
00時12分18秒      4.00  22528.00    569.00      0.00    991.00      0.00      0.00      0.00      0.00
00時12分19秒      0.00  22528.00    122.00      0.00     61.00      0.00      0.00      0.00      0.00
00時12分20秒      0.00  22528.00     99.00      0.00     85.00      0.00      0.00      0.00      0.00
00時12分21秒      4.00  22528.00     95.00      0.00     33.00      0.00      0.00      0.00      0.00
00時12分22秒      4.00  21544.00    150.00      0.00     74.00      0.00      0.00      0.00      0.00
00時12分23秒      8.00  23552.00    111.00      0.00     42.00      0.00      0.00      0.00      0.00
00時12分24秒      0.00  22528.00    103.00      0.00     52.00      0.00      0.00      0.00      0.00
00時12分25秒      4.00  19636.00    116.00      0.00     35.00      0.00      0.00      0.00      0.00
00時12分26秒      0.00  23604.00    188.00      0.00    342.00      0.00      0.00      0.00      0.00
00時12分27秒      4.00  21552.00    140.00      0.00    267.00      0.00      0.00      0.00      0.00
00時12分28秒      0.00  21504.00    525.00      0.00    561.00      0.00      0.00      0.00      0.00
00時12分29秒      0.00      0.00     61.00      0.00     28.00      0.00      0.00      0.00      0.00
00時12分30秒      0.00      0.00    422.00      0.00    109.00      0.00      0.00      0.00      0.00
00時12分31秒    512.00      0.00    293.00      0.00    192.00      0.00      0.00      0.00      0.00
00時12分32秒 161280.00      0.00     83.00      0.00     49.00      0.00      0.00      0.00      0.00
00時12分33秒 179200.00     28.00    458.00      0.00    721.00      0.00      0.00      0.00      0.00
00時12分34秒 191232.00      0.00     24.00      0.00     19.00      0.00      0.00      0.00      0.00
00時12分35秒 210176.00      0.00     14.00      0.00     24.00      0.00      0.00      0.00      0.00

00時12分35秒  pgpgin/s pgpgout/s   fault/s  majflt/s  pgfree/s pgscank/s pgscand/s pgsteal/s    %vmeff
00時12分36秒 211200.00      0.00     19.00      0.00     41.00      0.00      0.00      0.00      0.00
00時12分37秒  94960.00      0.00    469.00      0.00    316.00      0.00      0.00      0.00      0.00
00時12分38秒      0.00      0.00     24.00      0.00     51.00      0.00      0.00      0.00      0.00
00時12分39秒      0.00      0.00     18.00      0.00     10.00      0.00      0.00      0.00      0.00
00時12分40秒      0.00      0.00    824.00      0.00 262795.00      0.00      0.00      0.00      0.00
00時12分41秒      0.00      0.00   3662.00      0.00    157.00      0.00      0.00      0.00      0.00
00時12分42秒      0.00      0.00     42.00      0.00    369.00      0.00      0.00      0.00      0.00
00時12分43秒      0.00      0.00   1167.00      0.00   1149.00      0.00      0.00      0.00      0.00
^C
平均値:   16382.44  16412.87    352.13      0.02   4762.72      0.00      0.00      0.00      0.00

---

$ ./read-twice.sh
2023年 10月 29日 日曜日 00:17:12 JST: start file creation
1024+0 レコード入力
1024+0 レコード出力
1073741824 bytes (1.1 GB, 1.0 GiB) copied, 47.2944 s, 22.7 MB/s
2023年 10月 29日 日曜日 00:17:59 JST: end file creation
2023年 10月 29日 日曜日 00:17:59 JST: sleep 3 seconds
2023年 10月 29日 日曜日 00:18:02 JST: start 1st read
2023年 10月 29日 日曜日 00:18:07 JST: end 1st read
2023年 10月 29日 日曜日 00:18:07 JST: sleep 3 seconds
2023年 10月 29日 日曜日 00:18:10 JST: start 2nd read
2023年 10月 29日 日曜日 00:18:10 JST: end 2nd read

$ sar -d -p 1
Linux 5.4.0-165-generic (***) 	2023年10月29日 	_x86_64_	(4 CPU)

00時17分08秒       DEV       tps     rkB/s     wkB/s     dkB/s   areq-sz    aqu-sz     await     %util
00時17分09秒       sda      0.00      0.00      0.00      0.00      0.00      0.00      0.00      0.00
# ...
00時17分11秒       DEV       tps     rkB/s     wkB/s     dkB/s   areq-sz    aqu-sz     await     %util
00時17分12秒       sda     34.00      0.00  17408.00      0.00    512.00      1.12     34.65     72.80
00時17分13秒       sda     44.00     16.00  22016.00      0.00    500.73      1.28     31.43     97.60
# ...
00時17分58秒       sda     43.00      0.00  22016.00      0.00    512.00      1.32     32.12     98.80
00時17分59秒       sda     26.00      0.00  13312.00      0.00    512.00      0.91     37.65     58.00
00時18分00秒       sda      0.00      0.00      0.00      0.00      0.00      0.00      0.00      0.00
00時18分01秒       sda      4.00      0.00     44.00      0.00     11.00      0.24     60.25     12.40
00時18分02秒       sda    259.00  66560.00      0.00      0.00    256.99      0.10      2.87     42.80
00時18分03秒       sda    729.00 186624.00      0.00      0.00    256.00      0.01      2.39    100.00
00時18分04秒       sda    746.00 190976.00      0.00      0.00    256.00      0.00      2.34    100.00
00時18分05秒       sda    809.00 207104.00      0.00      0.00    256.00      0.00      2.15    100.00
00時18分06秒       sda    809.00 207104.00      0.00      0.00    256.00      0.00      2.16    100.00
00時18分07秒       sda    744.00 190192.00     20.00      0.00    255.66      0.00      2.12     91.20
00時18分08秒       sda      1.00      0.00      4.00      0.00      4.00      0.04     45.00      4.40
00時18分09秒       sda      0.00      0.00      0.00      0.00      0.00      0.00      0.00      0.00
00時18分10秒       sda      0.00      0.00      0.00      0.00      0.00      0.00      0.00      0.00
00時18分11秒       sda      0.00      0.00      0.00      0.00      0.00      0.00      0.00      0.00
00時18分12秒       sda      0.00      0.00      0.00      0.00      0.00      0.00      0.00      0.00

平均値:        DEV       tps     rkB/s     wkB/s     dkB/s   areq-sz    aqu-sz     await     %util
平均値:        sda    100.37  16383.57  16408.94      0.00    326.70      1.02     12.39     82.27
