$ ./write.sh
2023年 10月 29日 日曜日 02:33:01 JST: start write (file creation)
1024+0 レコード入力
1024+0 レコード出力
1073741824 bytes (1.1 GB, 1.0 GiB) copied, 16.5467 s, 64.9 MB/s
2023年 10月 29日 日曜日 02:33:17 JST: end write

$ sar -B 1
Linux 5.4.0-165-generic (***) 	2023年10月29日 	_x86_64_	(4 CPU)

02時32分58秒  pgpgin/s pgpgout/s   fault/s  majflt/s  pgfree/s pgscank/s pgscand/s pgsteal/s    %vmeff
02時32分59秒      0.00      0.00     38.00      0.00   2100.00      0.00      0.00      0.00      0.00
02時33分00秒      0.00     16.00   1255.00      0.00    242.00      0.00      0.00      0.00      0.00
02時33分01秒    108.00   7900.00   6241.00      2.00 271003.00      0.00      0.00      0.00      0.00
02時33分02秒      8.00  22596.00    115.00      0.00   1783.00      0.00      0.00      0.00      0.00
02時33分03秒      0.00  23552.00    128.00      0.00    198.00      0.00      0.00      0.00      0.00
02時33分04秒      4.00  22512.00     91.00      0.00     35.00      0.00      0.00      0.00      0.00
02時33分05秒      0.00  22528.00    524.00      0.00   3272.00      0.00      0.00      0.00      0.00
02時33分06秒      0.00  21764.00    151.00      0.00   2395.00      0.00      0.00      0.00      0.00
02時33分07秒      0.00  22764.00    259.00      0.00    306.00      0.00      0.00      0.00      0.00
02時33分08秒      0.00  23608.00    193.00      0.00     81.00      0.00      0.00      0.00      0.00
02時33分09秒      0.00  22648.00    347.00      0.00   1324.00      0.00      0.00      0.00      0.00
02時33分10秒      0.00  18596.00    212.00      0.00    130.00      0.00      0.00      0.00      0.00
02時33分11秒      0.00  22528.00    268.00      0.00     96.00      0.00      0.00      0.00      0.00
02時33分12秒      4.00  22740.00    208.00      0.00    274.00      0.00      0.00      0.00      0.00
02時33分13秒      0.00  26412.00    141.00      0.00    115.00      0.00      0.00      0.00      0.00
02時33分14秒      0.00  20508.00    152.00      0.00    148.00      0.00      0.00      0.00      0.00
02時33分15秒      4.00  20512.00    189.00      0.00    308.00      0.00      0.00      0.00      0.00
02時33分16秒      0.00  24600.00    236.00      0.00     57.00      0.00      0.00      0.00      0.00
02時33分17秒      0.00  24692.00    233.00      0.00    122.00      0.00      0.00      0.00      0.00
02時33分18秒      0.00     68.00   4180.00      0.00 269213.00      0.00      0.00      0.00      0.00
02時33分19秒      0.00      0.00     33.00      0.00     54.00      0.00      0.00      0.00      0.00
02時33分20秒      0.00      0.00   1192.00      0.00   1207.00      0.00      0.00      0.00      0.00

^C
平均値:       5.82  16842.91    744.82      0.09  25202.86      0.00      0.00      0.00      0.00

---

$ ./write.sh
2023年 10月 29日 日曜日 02:35:03 JST: start write (file creation)
1024+0 レコード入力
1024+0 レコード出力
1073741824 bytes (1.1 GB, 1.0 GiB) copied, 16.27 s, 66.0 MB/s
2023年 10月 29日 日曜日 02:35:20 JST: end write

$ sar -d -p 1
Linux 5.4.0-165-generic (***) 	2023年10月29日 	_x86_64_	(4 CPU)

02時35分01秒       DEV       tps     rkB/s     wkB/s     dkB/s   areq-sz    aqu-sz     await     %util
02時35分02秒       sda      0.00      0.00      0.00      0.00      0.00      0.00      0.00      0.00
02時35分03秒       sda      0.00      0.00      0.00      0.00      0.00      0.00      0.00      0.00
02時35分04秒       sda    132.00      0.00  13304.00      0.00    100.79      0.91      7.37     55.20
02時35分05秒       sda     47.00      0.00  23568.00      0.00    501.45      1.87     42.66    100.40
02時35分06秒       sda     50.00      4.00  23560.00      0.00    471.28      1.86     38.68    101.20
02時35分07秒       sda     47.00      0.00  21600.00      0.00    459.57      1.91     41.83     98.40
02時35分08秒       sda     65.00      0.00  22676.00      0.00    348.86      1.91     30.09     98.00
02時35分09秒       sda     46.00      4.00  22956.00      0.00    499.13      1.98     44.02    102.80
02時35分10秒       sda     41.00      4.00  22524.00      0.00    549.46      1.77     44.63     95.60
02時35分11秒       sda     25.00      4.00  22528.00      0.00    901.28      1.82     75.44     94.00
02時35分12秒       sda     25.00      4.00  22640.00      0.00    905.76      1.97     81.68    103.20
02時35分13秒       sda     29.00      0.00  23592.00      0.00    813.52      1.96     69.76    101.20
02時35分14秒       sda     26.00      4.00  22536.00      0.00    866.92      1.90     75.08     99.20
02時35分15秒       sda     25.00      8.00  22712.00      0.00    908.80      1.84     75.68     98.00
02時35分16秒       sda     25.00      0.00  23312.00      0.00    932.48      1.91     78.60     95.20
02時35分17秒       sda     23.00      0.00  21820.00      0.00    948.70      1.92     85.70    101.20
02時35分18秒       sda     27.00      0.00  23332.00      0.00    864.15      2.02     76.67    101.60
02時35分19秒       sda     20.00      0.00  23040.00      0.00   1152.00      1.92     97.25     99.20
02時35分20秒       sda     17.00      4.00  13892.00      0.00    817.41      1.27     75.53     62.80
^C


平均値:        DEV       tps     rkB/s     wkB/s     dkB/s   areq-sz    aqu-sz     await     %util
平均値:        sda     35.26      1.89  19452.21      0.00    551.68      1.62     47.34     84.59
